<?xml version="1.0" encoding="UTF-8"?>
<testng-results skipped="0" failed="0" ignored="0" total="1" passed="1">
  <reporter-output>
  </reporter-output>
  <suite name="Default suite" duration-ms="17843" started-at="2018-06-10T14:02:39Z" finished-at="2018-06-10T14:02:57Z">
    <groups>
    </groups>
    <test name="Default test" duration-ms="17843" started-at="2018-06-10T14:02:39Z" finished-at="2018-06-10T14:02:57Z">
      <class name="trainings.HandleWindow">
        <test-method status="PASS" signature="start()[pri:0, instance:trainings.HandleWindow@d44fc21]" name="start" duration-ms="17747" started-at="2018-06-10T14:02:40Z" finished-at="2018-06-10T14:02:57Z">
          <reporter-output>
          </reporter-output>
        </test-method> <!-- start -->
      </class> <!-- trainings.HandleWindow -->
    </test> <!-- Default test -->
  </suite> <!-- Default suite -->
</testng-results>
